              Example12.sas -- Illustrate use of the UPOLY3 module
      Factorial design, repeated measures: A, B, C between, D, E, F within
                             UPOLY3 module not used

                                      AxD


                                     HOLDA
              BETASCAL TOTAL_N POWER_HLT POWER_PBT POWER_WLK EPSILON

                     9      54    0.0542    0.0546    0.0544  0.8789
                    18      54    0.0672    0.0689    0.0683  0.8789
                    27      54    0.0907    0.0945    0.0933  0.8789
                     9     108    0.0593    0.0596    0.0595  0.8789
                    18     108      0.09    0.0911    0.0907  0.8789
                    27     108    0.1486    0.1511    0.1504  0.8789
                     9     162    0.0644    0.0647    0.0646  0.8789
                    18     162    0.1138    0.1148    0.1145  0.8789
                    27     162    0.2109    0.2128    0.2124  0.8789
                     9     216    0.0697    0.0699    0.0698  0.8789
                    18     216     0.139      0.14    0.1397  0.8789
                    27     216    0.2766     0.278    0.2778  0.8789
                     9     270     0.075    0.0753    0.0752  0.8789
                    18     270    0.1655    0.1664    0.1661  0.8789
                    27     270    0.3436    0.3444    0.3444  0.8789
                     9     324    0.0805    0.0807    0.0806  0.8789
                    18     324    0.1931    0.1939    0.1936  0.8789
                    27     324    0.4101    0.4103    0.4106  0.8789

                                     HOLDA
              EXEPS_UN POWER_UN EXEPS_HF POWER_HF EXEPS_GG POWER_GG

                     1    0.061   0.8789   0.0521   0.8311   0.0484
                     1   0.0684   0.8789   0.0586   0.8311   0.0545
                     1   0.0817   0.8789   0.0704   0.8311   0.0657
                     1   0.0632   0.8789   0.0544   0.8619   0.0531
                     1   0.0795   0.8789   0.0688   0.8619   0.0672
                     1    0.111   0.8789    0.097   0.8619    0.095
                     1   0.0658   0.8789   0.0567   0.8686   0.0559
                     1   0.0916   0.8789   0.0797   0.8686   0.0787
                     1   0.1447   0.8789   0.1278   0.8686   0.1262
                     1   0.0684   0.8789   0.0591   0.8715   0.0585
                     1   0.1048   0.8789   0.0916   0.8715   0.0907
                     1   0.1825   0.8789   0.1626   0.8715   0.1613
                     1   0.0712   0.8789   0.0615   0.8731    0.061
                     1   0.1188   0.8789   0.1043   0.8731   0.1036
                     1   0.2239   0.8789   0.2011   0.8731   0.1999
                     1   0.0739   0.8789    0.064   0.8742   0.0636
                     1   0.1338   0.8789   0.1179   0.8742   0.1172
                     1   0.2679   0.8789   0.2426   0.8742   0.2415
              Example12.sas -- Illustrate use of the UPOLY3 module
      Factorial design, repeated measures: A, B, C between, D, E, F within
                             UPOLY3 module not used

                             AxB x DxE Interaction


                                    HOLDABDE
              BETASCAL TOTAL_N POWER_HLT POWER_PBT POWER_WLK EPSILON

                     9      54    0.0582    0.0601    0.0591  0.8673
                    18      54    0.0864    0.0947    0.0905  0.8673
                    27      54    0.1455    0.1614    0.1555  0.8673
                     9     108    0.0706     0.072    0.0713  0.8673
                    18     108    0.1537    0.1587    0.1562  0.8673
                    27     108    0.3425     0.342    0.3442  0.8673
                     9     162    0.0836    0.0849    0.0842  0.8673
                    18     162    0.2317    0.2345    0.2331  0.8673
                    27     162    0.5439    0.5314    0.5396  0.8673
                     9     216    0.0975    0.0988    0.0981  0.8673
                    18     216    0.3179    0.3184    0.3182  0.8673
                    27     216    0.7133    0.6948    0.7059  0.8673
                     9     270    0.1125    0.1136     0.113  0.8673
                    18     270    0.4077    0.4058    0.4069  0.8673
                    27     270    0.8348    0.8164    0.8271  0.8673
                     9     324    0.1284    0.1295    0.1288  0.8673
                    18     324    0.4966    0.4924    0.4946  0.8673
                    27     324    0.9117     0.897    0.9055  0.8673

                                   HOLDABDE
              EXEPS_UN POWER_UN EXEPS_HF POWER_HF EXEPS_GG POWER_GG

                     1   0.0657   0.8673   0.0538     0.76   0.0437
                     1   0.0804   0.8673   0.0662     0.76   0.0542
                     1   0.1093   0.8673   0.0912     0.76   0.0755
                     1   0.0706   0.8673   0.0582   0.8278   0.0544
                     1   0.1057   0.8673   0.0885   0.8278   0.0831
                     1   0.1859   0.8673   0.1597   0.8278   0.1513
                     1   0.0759   0.8673   0.0628   0.8431   0.0603
                     1   0.1357   0.8673   0.1149   0.8431   0.1109
                     1   0.2837   0.8673   0.2496   0.8431   0.2428
                     1   0.0815   0.8673   0.0677   0.8498   0.0658
                     1   0.1703   0.8673   0.1459   0.8498   0.1425
                     1   0.3965   0.8673   0.3566   0.8498   0.3508
                     1   0.0874   0.8673   0.0728   0.8536   0.0712
                     1   0.2095   0.8673   0.1814   0.8536   0.1783
                     1   0.5143   0.8673    0.472   0.8536   0.4672
                     1   0.0936   0.8673   0.0782   0.8561   0.0768
                     1   0.2529   0.8673   0.2212   0.8561   0.2183
                     1    0.627   0.8673    0.586   0.8561   0.5821
              Example12.sas -- Illustrate use of the UPOLY3 module
      Factorial design, repeated measures: A, B, C between, D, E, F within
                             UPOLY3 module not used

                           AxBxC x DxExF Interaction


                                    HABCDEF
              BETASCAL TOTAL_N POWER_HLT POWER_PBT POWER_WLK EPSILON

                     9      54    0.0635    0.0708    0.0667   0.866
                    18      54     0.117    0.1402    0.1317   0.866
                    27      54    0.2467    0.2497    0.2742   0.866
                     9     108    0.0939    0.0987    0.0958   0.866
                    18     108    0.3236    0.3135    0.3209   0.866
                    27     108    0.7676    0.6473    0.7239   0.866
                     9     162    0.1281     0.132    0.1295   0.866
                    18     162    0.5532    0.5141    0.5356   0.866
                    27     162    0.9646    0.8948    0.9405   0.866
                     9     216    0.1679    0.1706    0.1686   0.866
                    18     216    0.7474     0.696    0.7237   0.866
                    27     216     0.997    0.9788    0.9921   0.866
                     9     270    0.2128    0.2142    0.2128   0.866
                    18     270    0.8767    0.8309    0.8559   0.866
                    27     270    0.9998    0.9969    0.9993   0.866
                     9     324    0.2622     0.262    0.2613   0.866
                    18     324    0.9473    0.9157    0.9334   0.866
                    27     324         1    0.9997         1   0.866

                                    HABCDEF
              EXEPS_UN POWER_UN EXEPS_HF POWER_HF EXEPS_GG POWER_GG

                     1   0.0712    0.866   0.0574   0.6766   0.0372
                     1   0.1031    0.866   0.0845   0.6766   0.0566
                     1   0.1754    0.866   0.1478   0.6766   0.1041
                     1   0.0826    0.866   0.0674   0.7916   0.0586
                     1   0.1722    0.866   0.1456   0.7916   0.1297
                     1   0.4082    0.866    0.365   0.7916   0.3374
                     1   0.0953    0.866   0.0783   0.8197   0.0722
                     1   0.2619    0.866   0.2272   0.8197   0.2141
                     1   0.6665    0.866   0.6239   0.8197   0.6065
                     1   0.1092    0.866   0.0904   0.8324   0.0855
                     1   0.3689    0.866   0.3278   0.8324   0.3163
                     1   0.8572    0.866   0.8295   0.8324   0.8209
                     1   0.1246    0.866   0.1037   0.8396   0.0995
                     1   0.4853    0.866   0.4408   0.8396   0.4309
                     1   0.9538    0.866   0.9413   0.8396   0.9382
                     1   0.1413    0.866   0.1184   0.8443   0.1145
                     1   0.6013    0.866   0.5571   0.8443   0.5489
                     1   0.9886    0.866   0.9846   0.8443   0.9837
              Example12.sas -- Illustrate use of the UPOLY3 module
      Factorial design, repeated measures: A, B, C between, D, E, F within
                 UPOLY3 module used to create contrast matrices

                                      AxD


                                     HOLDA
              BETASCAL TOTAL_N POWER_HLT POWER_PBT POWER_WLK EPSILON

                     9      54    0.0542    0.0546    0.0544  0.8789
                    18      54    0.0672    0.0689    0.0683  0.8789
                    27      54    0.0907    0.0945    0.0933  0.8789
                     9     108    0.0593    0.0596    0.0595  0.8789
                    18     108      0.09    0.0911    0.0907  0.8789
                    27     108    0.1486    0.1511    0.1504  0.8789
                     9     162    0.0644    0.0647    0.0646  0.8789
                    18     162    0.1138    0.1148    0.1145  0.8789
                    27     162    0.2109    0.2128    0.2124  0.8789
                     9     216    0.0697    0.0699    0.0698  0.8789
                    18     216     0.139      0.14    0.1397  0.8789
                    27     216    0.2766     0.278    0.2778  0.8789
                     9     270     0.075    0.0753    0.0752  0.8789
                    18     270    0.1655    0.1664    0.1661  0.8789
                    27     270    0.3436    0.3444    0.3444  0.8789
                     9     324    0.0805    0.0807    0.0806  0.8789
                    18     324    0.1931    0.1939    0.1936  0.8789
                    27     324    0.4101    0.4103    0.4106  0.8789

                                     HOLDA
              EXEPS_UN POWER_UN EXEPS_HF POWER_HF EXEPS_GG POWER_GG

                     1    0.061   0.8789   0.0521   0.8311   0.0484
                     1   0.0684   0.8789   0.0586   0.8311   0.0545
                     1   0.0817   0.8789   0.0704   0.8311   0.0657
                     1   0.0632   0.8789   0.0544   0.8619   0.0531
                     1   0.0795   0.8789   0.0688   0.8619   0.0672
                     1    0.111   0.8789    0.097   0.8619    0.095
                     1   0.0658   0.8789   0.0567   0.8686   0.0559
                     1   0.0916   0.8789   0.0797   0.8686   0.0787
                     1   0.1447   0.8789   0.1278   0.8686   0.1262
                     1   0.0684   0.8789   0.0591   0.8715   0.0585
                     1   0.1048   0.8789   0.0916   0.8715   0.0907
                     1   0.1825   0.8789   0.1626   0.8715   0.1613
                     1   0.0712   0.8789   0.0615   0.8731    0.061
                     1   0.1188   0.8789   0.1043   0.8731   0.1036
                     1   0.2239   0.8789   0.2011   0.8731   0.1999
                     1   0.0739   0.8789    0.064   0.8742   0.0636
                     1   0.1338   0.8789   0.1179   0.8742   0.1172
                     1   0.2679   0.8789   0.2426   0.8742   0.2415
              Example12.sas -- Illustrate use of the UPOLY3 module
      Factorial design, repeated measures: A, B, C between, D, E, F within
                 UPOLY3 module used to create contrast matrices

                             AxB x DxE Interaction


                                    HOLDABDE
              BETASCAL TOTAL_N POWER_HLT POWER_PBT POWER_WLK EPSILON

                     9      54    0.0582    0.0601    0.0591  0.8673
                    18      54    0.0864    0.0947    0.0905  0.8673
                    27      54    0.1455    0.1614    0.1555  0.8673
                     9     108    0.0706     0.072    0.0713  0.8673
                    18     108    0.1537    0.1587    0.1562  0.8673
                    27     108    0.3425     0.342    0.3442  0.8673
                     9     162    0.0836    0.0849    0.0842  0.8673
                    18     162    0.2317    0.2345    0.2331  0.8673
                    27     162    0.5439    0.5314    0.5396  0.8673
                     9     216    0.0975    0.0988    0.0981  0.8673
                    18     216    0.3179    0.3184    0.3182  0.8673
                    27     216    0.7133    0.6948    0.7059  0.8673
                     9     270    0.1125    0.1136     0.113  0.8673
                    18     270    0.4077    0.4058    0.4069  0.8673
                    27     270    0.8348    0.8164    0.8271  0.8673
                     9     324    0.1284    0.1295    0.1288  0.8673
                    18     324    0.4966    0.4924    0.4946  0.8673
                    27     324    0.9117     0.897    0.9055  0.8673

                                   HOLDABDE
              EXEPS_UN POWER_UN EXEPS_HF POWER_HF EXEPS_GG POWER_GG

                     1   0.0657   0.8673   0.0538     0.76   0.0437
                     1   0.0804   0.8673   0.0662     0.76   0.0542
                     1   0.1093   0.8673   0.0912     0.76   0.0755
                     1   0.0706   0.8673   0.0582   0.8278   0.0544
                     1   0.1057   0.8673   0.0885   0.8278   0.0831
                     1   0.1859   0.8673   0.1597   0.8278   0.1513
                     1   0.0759   0.8673   0.0628   0.8431   0.0603
                     1   0.1357   0.8673   0.1149   0.8431   0.1109
                     1   0.2837   0.8673   0.2496   0.8431   0.2428
                     1   0.0815   0.8673   0.0677   0.8498   0.0658
                     1   0.1703   0.8673   0.1459   0.8498   0.1425
                     1   0.3965   0.8673   0.3566   0.8498   0.3508
                     1   0.0874   0.8673   0.0728   0.8536   0.0712
                     1   0.2095   0.8673   0.1814   0.8536   0.1783
                     1   0.5143   0.8673    0.472   0.8536   0.4672
                     1   0.0936   0.8673   0.0782   0.8561   0.0768
                     1   0.2529   0.8673   0.2212   0.8561   0.2183
                     1    0.627   0.8673    0.586   0.8561   0.5821
              Example12.sas -- Illustrate use of the UPOLY3 module
      Factorial design, repeated measures: A, B, C between, D, E, F within
                 UPOLY3 module used to create contrast matrices

                           AxBxC x DxExF Interaction


                                    HABCDEF
              BETASCAL TOTAL_N POWER_HLT POWER_PBT POWER_WLK EPSILON

                     9      54    0.0635    0.0708    0.0667   0.866
                    18      54     0.117    0.1402    0.1317   0.866
                    27      54    0.2467    0.2497    0.2742   0.866
                     9     108    0.0939    0.0987    0.0958   0.866
                    18     108    0.3236    0.3135    0.3209   0.866
                    27     108    0.7676    0.6473    0.7239   0.866
                     9     162    0.1281     0.132    0.1295   0.866
                    18     162    0.5532    0.5141    0.5356   0.866
                    27     162    0.9646    0.8948    0.9405   0.866
                     9     216    0.1679    0.1706    0.1686   0.866
                    18     216    0.7474     0.696    0.7237   0.866
                    27     216     0.997    0.9788    0.9921   0.866
                     9     270    0.2128    0.2142    0.2128   0.866
                    18     270    0.8767    0.8309    0.8559   0.866
                    27     270    0.9998    0.9969    0.9993   0.866
                     9     324    0.2622     0.262    0.2613   0.866
                    18     324    0.9473    0.9157    0.9334   0.866
                    27     324         1    0.9997         1   0.866

                                    HABCDEF
              EXEPS_UN POWER_UN EXEPS_HF POWER_HF EXEPS_GG POWER_GG

                     1   0.0712    0.866   0.0574   0.6766   0.0372
                     1   0.1031    0.866   0.0845   0.6766   0.0566
                     1   0.1754    0.866   0.1478   0.6766   0.1041
                     1   0.0826    0.866   0.0674   0.7916   0.0586
                     1   0.1722    0.866   0.1456   0.7916   0.1297
                     1   0.4082    0.866    0.365   0.7916   0.3374
                     1   0.0953    0.866   0.0783   0.8197   0.0722
                     1   0.2619    0.866   0.2272   0.8197   0.2141
                     1   0.6665    0.866   0.6239   0.8197   0.6065
                     1   0.1092    0.866   0.0904   0.8324   0.0855
                     1   0.3689    0.866   0.3278   0.8324   0.3163
                     1   0.8572    0.866   0.8295   0.8324   0.8209
                     1   0.1246    0.866   0.1037   0.8396   0.0995
                     1   0.4853    0.866   0.4408   0.8396   0.4309
                     1   0.9538    0.866   0.9413   0.8396   0.9382
                     1   0.1413    0.866   0.1184   0.8443   0.1145
                     1   0.6013    0.866   0.5571   0.8443   0.5489
                     1   0.9886    0.866   0.9846   0.8443   0.9837
