2    OPTIONS NODATE NONUMBER PS=55 LS=95;
3    TITLE1 "Example5.sas -- Test in multivariate model with two within factors";
4
5    ***********************************************************************************;
6    * From Coffey C.S. and Muller K.E. (2003)                                         *;
7    * Properties of internal pilots with the univariate approach to repeated measures *;
8    * Statistics in Medicine, 22(15)                                                  *;
9    ***********************************************************************************;
10
11   ***************************************************;
12   * Delete data sets for power values if they exist *;
13   ***************************************************;
14   PROC DATASETS LIBRARY=WORK NOLIST NODETAILS;
15   DELETE ONE TWO;
16   RUN;

NOTE: The file WORK.ONE (memtype=DATA) was not found, but appears on a DELETE statement.
NOTE: The file WORK.TWO (memtype=DATA) was not found, but appears on a DELETE statement.
16 !      QUIT;

NOTE: PROCEDURE DATASETS used (Total process time):
      real time           0.04 seconds
      cpu time            0.06 seconds


17
18   **************************************;
19   * Section that computes power values *;
20   **************************************;
21
22   PROC IML SYMSIZE=1000 WORKSIZE=2000;
NOTE: Worksize    = 2048000
NOTE: Symbol size = 1024000
NOTE: IML Ready
23   %INCLUDE "&ROOT.\IML\POWERLIB22.IML"/NOSOURCE2;
NOTE: Module POWER defined.
NOTE: Module _POWER defined.
NOTE: Module _RANKSYMM defined.
NOTE: Module _SIZECHK defined.
NOTE: Module _TYPEMISSCHK defined.
NOTE: Module _SETOPT defined.
NOTE: Module _HLT defined.
NOTE: Module _PBT defined.
NOTE: Module _WLK defined.
NOTE: Module _SPECIAL defined.
NOTE: Module _FIRSTUNI defined.
NOTE: Module _HFEXEPS defined.
NOTE: Module _CMEXEPS defined.
NOTE: Module _GGEXEPS defined.
NOTE: Module _LASTUNI defined.
NOTE: Module _GLMMPCL defined.
NOTE: Module _PROBF defined.
NOTE: Module _FINV defined.
NOTE: Module _FWARN defined.
NOTE: Module _SASDS defined.
NOTE: Module _QPROB defined.
NOTE: Module _AS defined.
NOTE: Module _IROUND defined.
NOTE: Module _COUNTR defined.
NOTE: Module _ALOG1 defined.
NOTE: Module _EXP1 defined.
NOTE: Module _ORDER defined.
NOTE: Module _ERRBD defined.
NOTE: Module _CTFF defined.
NOTE: Module _TRUNCN defined.
NOTE: Module _FINDU defined.
NOTE: Module _INTEGR defined.
NOTE: Module _CFE defined.
NOTE: Module NAMELIST defined.
NOTE: Module UMEAN defined.
NOTE: Module UPOLY1 defined.
NOTE: Module UPOLY2 defined.
NOTE: Module UPOLY3 defined.
5434
5435  ALPHA = .04;
5436  OPT_ON = {NOPRINT  GG HF BOX TOTAL_N  UCDF UMETHOD};
5437  OPT_OFF = {WARN  ALPHA  BETASCAL  HLT PBT WLK };
5438  ROUND = 2;
5439
5440  BETASCAL = 1;
5441  THETA = {.25}#{.5 1 -1 .5};
5441!                             * =Theta(cr) from 1st sentence *after*
5442                              *  equation 7, Coffey and Muller (2003);
5443
5444  * Following from Table II in Coffey and Muller (2003) *;
5445  VARSTARE = {.47960 .01000 .01000 .01000};
5445!                                           * epsilon ~ .28 *;
5446  VARSTARF = {.34555 .06123 .05561 .04721};
5446!                                           * epsilon ~ .50 *;
5447  VARSTARG = {.23555 .17123 .05561 .04721};
5447!                                           * epsilon ~ .72 *;
5448  VARSTARH = {.12740 .12740 .12740 .12740};
5448!                                           * epsilon = 1 *;
5449  VARSTAR = VARSTARE//VARSTARF//VARSTARG//VARSTARH;
5450
5451  SIGSCAL = {0.50 1.00 2.00};
5451!                             * <=> gamma in Coffey and Muller (2003) *;
5452
5453  * Log base 2 spacing Clip (2,4,16) and Region(2,8,32) *;
5454  * Get orthonormal U matrices *;
5455  RUN UPOLY2({1 2 4},"A", {1 3 5},"B",
5456              UA,NMA, UB,NMB, UAB,NMAB);
5457  U = UAB;
5458  C = 1;
5459
5460  ESSENCEX = {1};
5461  REPN = {20};
5462
5463    DO IVAR = 1 TO 4 BY 1;
5464    SIGSTAR = DIAG(VARSTAR[IVAR,*]);
5465
5466    SIGMA = U*SIGSTAR*U`;
5466!                          * 1st paragraph in section 2.4, Coffey and Muller 2003 *;
5467    BETA = THETA*U`;
5467!                          * 1st paragraph in section 2.4, Coffey and Muller 2003 *;
5468
5469      DO VERSION = 1 TO 2 BY 1;
5469!                                *POWERLIB version;
5470      UCDF = J(5,1,VERSION);
5471      UMETHOD = J(3,1,VERSION);
5472      RUN POWER;
5473      HOLDALL = HOLDALL//_HOLDPOWER;
5474      END;
5475    END;
5476
5477  CREATE ONE VAR _HOLDPOWERLBL;
5478  APPEND FROM HOLDALL;
5479
5480  QUIT;
NOTE: Exiting IML.
NOTE: The data set WORK.ONE has 24 observations and 14 variables.
NOTE: PROCEDURE IML used (Total process time):
      real time           0.15 seconds
      cpu time            0.15 seconds


5481
5482  *******************************;
5483  * Section that prints results *;
5484  *******************************;
5485
5486  PROC SORT DATA=ONE OUT=TWO;
5487  BY UCDF_GG UMETHOD_GG SIGSCAL EPSILON;
5488  RUN;

NOTE: There were 24 observations read from the data set WORK.ONE.
NOTE: The data set WORK.TWO has 24 observations and 14 variables.
NOTE: PROCEDURE SORT used (Total process time):
      real time           0.00 seconds
      cpu time            0.00 seconds


5489
5490  PROC PRINT DATA=TWO UNIFORM NOOBS;
5491  BY UCDF_GG UMETHOD_GG  UCDF_HF UMETHOD_HF UCDF_BOX TOTAL_N;
5492  PAGEBY UCDF_GG;
5493  TITLE3 "All data in file";
5494  RUN;

NOTE: There were 24 observations read from the data set WORK.TWO.
NOTE: PROCEDURE PRINT used (Total process time):
      real time           0.01 seconds
      cpu time            0.00 seconds


5495
5496  PROC PRINT DATA=TWO(RENAME=(SIGSCAL=GAMMA)) UNIFORM NOOBS;
5497  VAR EPSILON GAMMA  POWER_GG POWER_HF ;
5498  BY UCDF_GG UMETHOD_GG  UCDF_HF UMETHOD_HF UCDF_BOX TOTAL_N;
5499  PAGEBY UCDF_GG;
5500  TITLE3 "Version 2 far more accurate for Table III, Coffey and Muller (2003)";
5501  RUN;

NOTE: There were 24 observations read from the data set WORK.TWO.
NOTE: PROCEDURE PRINT used (Total process time):
      real time           0.01 seconds
      cpu time            0.01 seconds


