              Example9.SAS-- Power within the context of an internal pilot design

                              Power computed for a non-IP design
                                       All data in file

----------------------------------------- TOTAL_N=20 ------------------------------------------

                                                                             EXEPS_   POWER_
   SIGSCAL   IP_PLAN   EPSILON   EXEPS_HF   POWER_HF   EXEPS_GG   POWER_GG     BOX      BOX

     0.5        0        0.28      0.28       1.00       0.28       1.00      0.25     1.00
     0.5        0        0.51      0.51       1.00       0.46       1.00      0.25     1.00
     0.5        0        0.72      0.72       1.00       0.62       1.00      0.25     1.00
     0.5        0        1.00      1.00       1.00       0.81       1.00      0.25     1.00
     1.0        0        0.28      0.28       0.85       0.28       0.84      0.25     0.81
     1.0        0        0.51      0.51       0.95       0.46       0.94      0.25     0.82
     1.0        0        0.72      0.72       0.96       0.62       0.95      0.25     0.80
     1.0        0        1.00      1.00       0.98       0.81       0.97      0.25     0.80
     2.0        0        0.28      0.28       0.39       0.28       0.39      0.25     0.35
     2.0        0        0.51      0.51       0.59       0.46       0.56      0.25     0.33
     2.0        0        0.72      0.72       0.68       0.62       0.64      0.25     0.32
     2.0        0        1.00      1.00       0.75       0.81       0.71      0.25     0.32
              Example9.SAS-- Power within the context of an internal pilot design

                              Power computed for a non-IP design
                              Table III, Coffey and Muller (2003)

----------------------------------------- TOTAL_N=20 ------------------------------------------

                           EPSILON    GAMMA    POWER_GG    POWER_HF

                             0.28      0.5       1.00        1.00
                             0.51      0.5       1.00        1.00
                             0.72      0.5       1.00        1.00
                             1.00      0.5       1.00        1.00
                             0.28      1.0       0.84        0.85
                             0.51      1.0       0.94        0.95
                             0.72      1.0       0.95        0.96
                             1.00      1.0       0.97        0.98
                             0.28      2.0       0.39        0.39
                             0.51      2.0       0.56        0.59
                             0.72      2.0       0.64        0.68
                             1.00      2.0       0.71        0.75
              Example9.SAS-- Power within the context of an internal pilot design

                                Power computed for an IP design
                                       All data in file

----------------------------------------- TOTAL_N=20 ------------------------------------------

                                                                             EXEPS_   POWER_
   SIGSCAL   IP_PLAN   EPSILON   EXEPS_HF   POWER_HF   EXEPS_GG   POWER_GG     BOX      BOX

     0.5        1        0.28      0.28       1.00       0.28       1.00      0.25     1.00
     0.5        1        0.51      0.51       1.00       0.46       1.00      0.25     1.00
     0.5        1        0.72      0.72       1.00       0.62       1.00      0.25     1.00
     0.5        1        1.00      1.00       1.00       0.81       1.00      0.25     1.00
     1.0        1        0.28      0.28       0.84       0.28       0.83      0.25     0.81
     1.0        1        0.51      0.51       0.95       0.46       0.93      0.25     0.81
     1.0        1        0.72      0.72       0.96       0.62       0.95      0.25     0.79
     1.0        1        1.00      1.00       0.98       0.81       0.96      0.25     0.79
     2.0        1        0.28      0.28       0.39       0.28       0.39      0.25     0.35
     2.0        1        0.51      0.51       0.58       0.46       0.55      0.25     0.34
     2.0        1        0.72      0.72       0.67       0.62       0.63      0.25     0.33
     2.0        1        1.00      1.00       0.74       0.81       0.70      0.25     0.33
              Example9.SAS-- Power within the context of an internal pilot design

                                Power computed for an IP design
                              Table III, Coffey and Muller (2003)

----------------------------------------- TOTAL_N=20 ------------------------------------------

                           EPSILON    GAMMA    POWER_GG    POWER_HF

                             0.28      0.5       1.00        1.00
                             0.51      0.5       1.00        1.00
                             0.72      0.5       1.00        1.00
                             1.00      0.5       1.00        1.00
                             0.28      1.0       0.83        0.84
                             0.51      1.0       0.93        0.95
                             0.72      1.0       0.95        0.96
                             1.00      1.0       0.96        0.98
                             0.28      2.0       0.39        0.39
                             0.51      2.0       0.55        0.58
                             0.72      2.0       0.63        0.67
                             1.00      2.0       0.70        0.74
