      Example8.sas -- Point estimate for power of a UNIREP test based on estimated Sigma

                                             SIGMA
                                ANT        LEFT        POST       RIGHT

                            0.08380     0.05020     0.03560     0.05330
                            0.05020     0.05370     0.03250     0.03330
                            0.03560     0.03250     0.04410     0.03860
                            0.05330     0.03330     0.03860     0.07220


                                             BETARG
                                  ANT      LEFT      POST     RIGHT

                                  2.9       3.2       3.5       3.2
                                  2.9       3.2       3.5       3.2
      Example8.sas -- Point estimate for power of a UNIREP test based on estimated Sigma

             Compare power with fixed (SIGTYPE=0) and estimated (SIGTYPE=1) Sigma

---------------------------------- SIGSC=1 BETASC=1 DELTA=0 -----------------------------------

                                                                                EXEPS_
  N    SIGTYPE    EPS    EXEPS_UN    P_UN   EXEPS_HF   P_HF   EXEPS_GG   P_GG     BOX    P_BOX

  20      0      0.855       1      0.012     0.855    .008     0.679    .004    0.333    .000
  20      1      0.855       1      0.009     0.855    .009     0.679    .006    0.333    .009
  40      0      0.855       1      0.012     0.855    .008     0.784    .007    0.333    .000
  40      1      0.855       1      0.008     0.855    .009     0.784    .006    0.333    .008
  60      0      0.855       1      0.012     0.855    .008     0.811    .007    0.333    .000
  60      1      0.855       1      0.008     0.855    .009     0.811    .006    0.333    .008
  80      0      0.855       1      0.012     0.855    .008     0.823    .008    0.333    .000
  80      1      0.855       1      0.008     0.855    .009     0.823    .006    0.333    .008
 100      0      0.855       1      0.012     0.855    .008     0.830    .008    0.333    .000
 100      1      0.855       1      0.008     0.855    .008     0.830    .006    0.333    .008


--------------------------------- SIGSC=1 BETASC=1 DELTA=0.05 ---------------------------------

                                                                                 EXEPS_
 N    SIGTYPE    EPS    EXEPS_UN    P_UN   EXEPS_HF    P_HF   EXEPS_GG    P_GG     BOX    P_BOX

 20      0      0.855       1      0.042     0.855    0.030     0.679    0.016    0.333   0.001
 20      1      0.855       1      0.036     0.855    0.038     0.679    0.027    0.333   0.036
 40      0      0.855       1      0.103     0.855    0.078     0.784    0.066    0.333   0.005
 40      1      0.855       1      0.093     0.855    0.097     0.784    0.075    0.333   0.093
 60      0      0.855       1      0.187     0.855    0.149     0.811    0.137    0.333   0.015
 60      1      0.855       1      0.174     0.855    0.182     0.811    0.146    0.333   0.174
 80      0      0.855       1      0.287     0.855    0.239     0.823    0.227    0.333   0.033
 80      1      0.855       1      0.274     0.855    0.283     0.823    0.237    0.333   0.274
100      0      0.855       1      0.396     0.855    0.340     0.830    0.329    0.333   0.061
100      1      0.855       1      0.382     0.855    0.393     0.830    0.339    0.333   0.382


--------------------------------- SIGSC=1 BETASC=1 DELTA=0.1 ----------------------------------

                                                                                 EXEPS_
 N    SIGTYPE    EPS    EXEPS_UN    P_UN   EXEPS_HF    P_HF   EXEPS_GG    P_GG     BOX    P_BOX

 20      0      0.855       1      0.231     0.855    0.183     0.679    0.120    0.333   0.013
 20      1      0.855       1      0.218     0.855    0.227     0.679    0.182    0.333   0.218
 40      0      0.855       1      0.656     0.855    0.597     0.784    0.561    0.333   0.166
 40      1      0.855       1      0.645     0.855    0.655     0.784    0.598    0.333   0.645
 60      0      0.855       1      0.896     0.855    0.865     0.811    0.853    0.333   0.467
 60      1      0.855       1      0.891     0.855    0.896     0.811    0.867    0.333   0.891
 80      0      0.855       1      0.976     0.855    0.966     0.823    0.963    0.333   0.745
 80      1      0.855       1      0.975     0.855    0.976     0.823    0.967    0.333   0.975
100      0      0.855       1      0.996     0.855    0.993     0.830    0.993    0.333   0.904
100      1      0.855       1      0.995     0.855    0.996     0.830    0.993    0.333   0.995
      Example8.sas -- Point estimate for power of a UNIREP test based on estimated Sigma

             Compare power with fixed (SIGTYPE=0) and estimated (SIGTYPE=1) Sigma

--------------------------------- SIGSC=1 BETASC=1 DELTA=0.15 ---------------------------------

                                                                                 EXEPS_
 N    SIGTYPE    EPS    EXEPS_UN    P_UN   EXEPS_HF    P_HF   EXEPS_GG    P_GG     BOX    P_BOX

 20      0      0.855       1      0.646     0.855    0.577     0.679    0.461    0.333   0.106
 20      1      0.855       1      0.631     0.855    0.644     0.679    0.578    0.333   0.631
 40      0      0.855       1      0.985     0.855    0.978     0.784    0.973    0.333   0.772
 40      1      0.855       1      0.984     0.855    0.986     0.784    0.979    0.333   0.984
 60      0      0.855       1      1.000     0.855    1.000     0.811    0.999    0.333   0.983
 60      1      0.855       1      1.000     0.855    1.000     0.811    1.000    0.333   1.000
 80      0      0.855       1      1.000     0.855    1.000     0.823    1.000    0.333   0.999
 80      1      0.855       1      1.000     0.855    1.000     0.823    1.000    0.333   1.000
100      0      0.855       1      1.000     0.855    1.000     0.830    1.000    0.333   1.000
100      1      0.855       1      1.000     0.855    1.000     0.830    1.000    0.333   1.000


--------------------------------- SIGSC=1 BETASC=1 DELTA=0.2 ----------------------------------

                                                                                 EXEPS_
 N    SIGTYPE    EPS    EXEPS_UN    P_UN   EXEPS_HF    P_HF   EXEPS_GG    P_GG     BOX    P_BOX

 20      0      0.855       1      0.935     0.855    0.907     0.679    0.843    0.333   0.407
 20      1      0.855       1      0.930     0.855    0.935     0.679    0.908    0.333   0.930
 40      0      0.855       1      1.000     0.855    1.000     0.784    1.000    0.333   0.994
 40      1      0.855       1      1.000     0.855    1.000     0.784    1.000    0.333   1.000
 60      0      0.855       1      1.000     0.855    1.000     0.811    1.000    0.333   1.000
 60      1      0.855       1      1.000     0.855    1.000     0.811    1.000    0.333   1.000
 80      0      0.855       1      1.000     0.855    1.000     0.823    1.000    0.333   1.000
 80      1      0.855       1      1.000     0.855    1.000     0.823    1.000    0.333   1.000
100      0      0.855       1      1.000     0.855    1.000     0.830    1.000    0.333   1.000
100      1      0.855       1      1.000     0.855    1.000     0.830    1.000    0.333   1.000
